<?xml version="1.0" encoding="UTF-8"?>
<!-- Generated by org.testng.reporters.JUnitReportReporter -->
<testsuite hostname="LAPTOP-CGUJBJB4" failures="0" tests="2" name="PDPpagetTestcases.TC_245_Check_stain_protection_in_Cart" time="-1698665344.000" errors="1" timestamp="2023-10-30T16:58:40 IST" skipped="1">
  <testcase classname="PDPpagetTestcases.TC_245_Check_stain_protection_in_Cart" name="getlaunchurl" time="-1698665344.000">
    <error message="
Parameter &#039;url&#039; is required by BeforeClass on method getlaunchurl but has not been marked @Optional or defined
in C:\Users\Dinesh Suri\AppData\Local\Temp\testng-eclipse-281029876\testng-customsuite.xml" type="org.testng.TestNGException">
      <![CDATA[org.testng.TestNGException: 
Parameter 'url' is required by BeforeClass on method getlaunchurl but has not been marked @Optional or defined
in C:\Users\Dinesh Suri\AppData\Local\Temp\testng-eclipse-281029876\testng-customsuite.xml
at org.testng.internal.Parameters.createParams(Parameters.java:267)
at org.testng.internal.Parameters.createParametersForMethod(Parameters.java:355)
at org.testng.internal.Parameters.createParameters(Parameters.java:684)
at org.testng.internal.Parameters.createConfigurationParameters(Parameters.java:166)
at org.testng.internal.invokers.ConfigInvoker.invokeConfigurations(ConfigInvoker.java:306)
at org.testng.internal.invokers.TestMethodWorker.invokeBeforeClassMethods(TestMethodWorker.java:180)
at org.testng.internal.invokers.TestMethodWorker.run(TestMethodWorker.java:122)
at java.base/java.util.ArrayList.forEach(ArrayList.java:1541)
at org.testng.TestRunner.privateRun(TestRunner.java:848)
at org.testng.TestRunner.run(TestRunner.java:621)
at org.testng.SuiteRunner.runTest(SuiteRunner.java:443)
at org.testng.SuiteRunner.runSequentially(SuiteRunner.java:437)
at org.testng.SuiteRunner.privateRun(SuiteRunner.java:397)
at org.testng.SuiteRunner.run(SuiteRunner.java:336)
at org.testng.SuiteRunnerWorker.runSuite(SuiteRunnerWorker.java:52)
at org.testng.SuiteRunnerWorker.run(SuiteRunnerWorker.java:95)
at org.testng.TestNG.runSuitesSequentially(TestNG.java:1280)
at org.testng.TestNG.runSuitesLocally(TestNG.java:1200)
at org.testng.TestNG.runSuites(TestNG.java:1114)
at org.testng.TestNG.run(TestNG.java:1082)
at org.testng.remote.AbstractRemoteTestNG.run(AbstractRemoteTestNG.java:115)
at org.testng.remote.RemoteTestNG.initAndRun(RemoteTestNG.java:251)
at org.testng.remote.RemoteTestNG.main(RemoteTestNG.java:77)
]]>
    </error>
  </testcase> <!-- getlaunchurl -->
  <testcase classname="PDPpagetTestcases.TC_245_Check_stain_protection_in_Cart" name="check_stain_protection_in_cart" time="0.000">
    <skipped/>
  </testcase> <!-- check_stain_protection_in_cart -->
</testsuite> <!-- PDPpagetTestcases.TC_245_Check_stain_protection_in_Cart -->
